PROGRAM		OPT	ASLR	ENV	TIME
input.program	2	0	1	10.55
byoudoin.jpg	2	0	1	11.13
input.combined	2	0	1	88.65
input.program	3	0	1	9.91
byoudoin.jpg	3	0	1	13.18
input.combined	3	0	1	81.99
input.program	2	1	1	9.27
byoudoin.jpg	2	1	1	10.99
input.combined	2	1	1	80.76
input.program	3	1	1	9.86
byoudoin.jpg	3	1	1	13.16
input.combined	3	1	1	82.26
input.program	2	0	129	10.07
byoudoin.jpg	2	0	129	12.92
input.combined	2	0	129	88.13
input.program	3	0	129	9.93
byoudoin.jpg	3	0	129	13.27
input.combined	3	0	129	82.41
input.program	2	1	129	9.31
byoudoin.jpg	2	1	129	11.04
input.combined	2	1	129	81.20
input.program	3	1	129	9.88
byoudoin.jpg	3	1	129	13.12
input.combined	3	1	129	82.62
input.program	2	0	257	9.28
byoudoin.jpg	2	0	257	11.04
input.combined	2	0	257	81.58
input.program	3	0	257	9.90
byoudoin.jpg	3	0	257	13.20
input.combined	3	0	257	80.83
input.program	2	1	257	9.26
byoudoin.jpg	2	1	257	11.02
input.combined	2	1	257	82.08
input.program	3	1	257	9.99
byoudoin.jpg	3	1	257	13.13
input.combined	3	1	257	81.25
input.program	2	0	385	9.29
byoudoin.jpg	2	0	385	11.04
input.combined	2	0	385	81.29
input.program	3	0	385	9.92
byoudoin.jpg	3	0	385	13.17
input.combined	3	0	385	81.02
input.program	2	1	385	9.36
byoudoin.jpg	2	1	385	11.22
input.combined	2	1	385	81.66
input.program	3	1	385	9.88
byoudoin.jpg	3	1	385	13.16
input.combined	3	1	385	81.38
input.program	2	0	513	9.31
byoudoin.jpg	2	0	513	11.05
input.combined	2	0	513	82.12
input.program	3	0	513	9.89
byoudoin.jpg	3	0	513	13.30
input.combined	3	0	513	82.39
input.program	2	1	513	9.30
byoudoin.jpg	2	1	513	11.04
input.combined	2	1	513	81.83
input.program	3	1	513	9.89
byoudoin.jpg	3	1	513	13.16
input.combined	3	1	513	81.38
