PROGRAM		OPT	ASLR	ENV	TIME
input.program	2	0	1	10.48
byoudoin.jpg	2	0	1	11.08
input.combined	2	0	1	88.88
input.program	3	0	1	10.00
byoudoin.jpg	3	0	1	13.04
input.combined	3	0	1	82.01
input.program	2	1	1	9.21
byoudoin.jpg	2	1	1	11.00
input.combined	2	1	1	81.78
input.program	3	1	1	9.84
byoudoin.jpg	3	1	1	13.11
input.combined	3	1	1	81.86
input.program	2	0	129	9.31
byoudoin.jpg	2	0	129	11.03
input.combined	2	0	129	81.27
input.program	3	0	129	9.88
byoudoin.jpg	3	0	129	13.11
input.combined	3	0	129	81.94
input.program	2	1	129	9.26
byoudoin.jpg	2	1	129	10.95
input.combined	2	1	129	81.49
input.program	3	1	129	9.94
byoudoin.jpg	3	1	129	13.37
input.combined	3	1	129	82.33
input.program	2	0	257	9.29
byoudoin.jpg	2	0	257	11.00
input.combined	2	0	257	81.52
input.program	3	0	257	9.85
byoudoin.jpg	3	0	257	13.23
input.combined	3	0	257	81.27
input.program	2	1	257	9.22
byoudoin.jpg	2	1	257	11.00
input.combined	2	1	257	81.88
input.program	3	1	257	9.88
byoudoin.jpg	3	1	257	13.14
input.combined	3	1	257	81.39
input.program	2	0	385	9.20
byoudoin.jpg	2	0	385	10.98
input.combined	2	0	385	82.43
input.program	3	0	385	9.87
byoudoin.jpg	3	0	385	13.29
input.combined	3	0	385	81.83
input.program	2	1	385	9.29
byoudoin.jpg	2	1	385	11.01
input.combined	2	1	385	81.52
input.program	3	1	385	9.86
byoudoin.jpg	3	1	385	13.17
input.combined	3	1	385	81.26
input.program	2	0	513	9.31
byoudoin.jpg	2	0	513	10.96
input.combined	2	0	513	82.00
input.program	3	0	513	10.48
byoudoin.jpg	3	0	513	15.27
input.combined	3	0	513	90.05
input.program	2	1	513	9.29
byoudoin.jpg	2	1	513	11.01
input.combined	2	1	513	82.20
input.program	3	1	513	9.90
byoudoin.jpg	3	1	513	13.22
input.combined	3	1	513	81.26
