PROGRAM		OPT	ASLR	ENV	TIME
input.program	2	0	1	10.56
byoudoin.jpg	2	0	1	11.16
input.combined	2	0	1	87.35
input.program	3	0	1	9.92
byoudoin.jpg	3	0	1	13.13
input.combined	3	0	1	80.39
input.program	2	1	1	9.30
byoudoin.jpg	2	1	1	11.04
input.combined	2	1	1	82.04
input.program	3	1	1	9.89
byoudoin.jpg	3	1	1	13.21
input.combined	3	1	1	82.10
input.program	2	0	129	9.29
byoudoin.jpg	2	0	129	11.00
input.combined	2	0	129	81.08
input.program	3	0	129	9.90
byoudoin.jpg	3	0	129	13.21
input.combined	3	0	129	81.92
input.program	2	1	129	9.26
byoudoin.jpg	2	1	129	11.04
input.combined	2	1	129	80.76
input.program	3	1	129	9.97
byoudoin.jpg	3	1	129	13.20
input.combined	3	1	129	82.25
input.program	2	0	257	9.26
byoudoin.jpg	2	0	257	11.06
input.combined	2	0	257	81.21
input.program	3	0	257	9.97
byoudoin.jpg	3	0	257	13.16
input.combined	3	0	257	81.17
input.program	2	1	257	9.24
byoudoin.jpg	2	1	257	11.13
input.combined	2	1	257	81.17
input.program	3	1	257	9.84
byoudoin.jpg	3	1	257	13.12
input.combined	3	1	257	81.23
input.program	2	0	385	9.29
byoudoin.jpg	2	0	385	11.06
input.combined	2	0	385	80.79
input.program	3	0	385	9.96
byoudoin.jpg	3	0	385	13.33
input.combined	3	0	385	81.73
input.program	2	1	385	9.27
byoudoin.jpg	2	1	385	10.97
input.combined	2	1	385	81.85
input.program	3	1	385	9.88
byoudoin.jpg	3	1	385	13.10
input.combined	3	1	385	81.75
input.program	2	0	513	9.25
byoudoin.jpg	2	0	513	11.03
input.combined	2	0	513	81.69
input.program	3	0	513	9.92
byoudoin.jpg	3	0	513	13.16
input.combined	3	0	513	82.22
input.program	2	1	513	9.27
byoudoin.jpg	2	1	513	11.01
input.combined	2	1	513	82.75
input.program	3	1	513	9.90
byoudoin.jpg	3	1	513	13.09
input.combined	3	1	513	81.85
