PROGRAM		OPT	ASLR	ENV	TIME
input.program	2	0	1	10.55
byoudoin.jpg	2	0	1	11.09
input.combined	2	0	1	87.74
input.program	3	0	1	9.88
byoudoin.jpg	3	0	1	13.36
input.combined	3	0	1	81.65
input.program	2	1	1	9.31
byoudoin.jpg	2	1	1	11.01
input.combined	2	1	1	82.42
input.program	3	1	1	9.89
byoudoin.jpg	3	1	1	13.18
input.combined	3	1	1	82.26
input.program	2	0	129	9.27
byoudoin.jpg	2	0	129	11.01
input.combined	2	0	129	81.78
input.program	3	0	129	9.91
byoudoin.jpg	3	0	129	13.18
input.combined	3	0	129	81.82
input.program	2	1	129	9.24
byoudoin.jpg	2	1	129	11.02
input.combined	2	1	129	80.96
input.program	3	1	129	9.85
byoudoin.jpg	3	1	129	13.19
input.combined	3	1	129	83.03
input.program	2	0	257	9.25
byoudoin.jpg	2	0	257	11.01
input.combined	2	0	257	81.39
input.program	3	0	257	9.92
byoudoin.jpg	3	0	257	13.16
input.combined	3	0	257	81.62
input.program	2	1	257	9.29
byoudoin.jpg	2	1	257	11.04
input.combined	2	1	257	81.92
input.program	3	1	257	9.92
byoudoin.jpg	3	1	257	13.22
input.combined	3	1	257	81.13
input.program	2	0	385	9.29
byoudoin.jpg	2	0	385	11.05
input.combined	2	0	385	81.86
input.program	3	0	385	9.89
byoudoin.jpg	3	0	385	13.13
input.combined	3	0	385	82.02
input.program	2	1	385	9.32
byoudoin.jpg	2	1	385	11.13
input.combined	2	1	385	81.60
input.program	3	1	385	9.86
byoudoin.jpg	3	1	385	13.13
input.combined	3	1	385	81.03
input.program	2	0	513	9.31
byoudoin.jpg	2	0	513	11.01
input.combined	2	0	513	80.99
input.program	3	0	513	9.89
byoudoin.jpg	3	0	513	13.13
input.combined	3	0	513	82.12
input.program	2	1	513	9.28
byoudoin.jpg	2	1	513	11.02
input.combined	2	1	513	82.14
input.program	3	1	513	9.85
byoudoin.jpg	3	1	513	13.09
input.combined	3	1	513	