PROGRAM		OPT	ASLR	ENV	TIME
input.program	2	0	1	10.56
byoudoin.jpg	2	0	1	11.10
input.combined	2	0	1	86.68
input.program	3	0	1	10.02
byoudoin.jpg	3	0	1	13.32
input.combined	3	0	1	79.85
input.program	2	1	1	9.26
byoudoin.jpg	2	1	1	11.05
input.combined	2	1	1	80.57
input.program	3	1	1	9.87
byoudoin.jpg	3	1	1	13.20
input.combined	3	1	1	81.10
input.program	2	0	129	9.23
byoudoin.jpg	2	0	129	11.15
input.combined	2	0	129	88.71
input.program	3	0	129	11.00
byoudoin.jpg	3	0	129	14.86
input.combined	3	0	129	81.36
input.program	2	1	129	9.26
byoudoin.jpg	2	1	129	11.08
input.combined	2	1	129	80.34
input.program	3	1	129	9.84
byoudoin.jpg	3	1	129	13.17
input.combined	3	1	129	81.63
input.program	2	0	257	9.25
byoudoin.jpg	2	0	257	11.19
input.combined	2	0	257	81.03
input.program	3	0	257	9.89
byoudoin.jpg	3	0	257	13.23
input.combined	3	0	257	81.45
input.program	2	1	257	9.23
byoudoin.jpg	2	1	257	11.08
input.combined	2	1	257	81.77
input.program	3	1	257	9.88
byoudoin.jpg	3	1	257	13.14
input.combined	3	1	257	81.62
input.program	2	0	385	9.28
byoudoin.jpg	2	0	385	11.03
input.combined	2	0	385	80.52
input.program	3	0	385	9.89
byoudoin.jpg	3	0	385	13.23
input.combined	3	0	385	80.61
input.program	2	1	385	9.27
byoudoin.jpg	2	1	385	11.06
input.combined	2	1	385	80.69
input.program	3	1	385	9.89
byoudoin.jpg	3	1	385	13.10
input.combined	3	1	385	83.18
input.program	2	0	513	9.27
byoudoin.jpg	2	0	513	11.09
input.combined	2	0	513	80.69
input.program	3	0	513	9.96
byoudoin.jpg	3	0	513	13.22
input.combined	3	0	513	80.35
input.program	2	1	513	9.32
byoudoin.jpg	2	1	513	11.00
input.combined	2	1	513	80.45
input.program	3	1	513	9.86
byoudoin.jpg	3	1	513	13.19
input.combined	3	1	513	